<?xml version="1.0" encoding="UTF-8"?>
<!-- Generated by org.testng.reporters.JUnitReportReporter -->
<testsuite hostname="LPT3812" failures="0" tests="2" name="com.pk_OrangeHRM.CrossBrowser_Example" time="16.047" errors="0" timestamp="2022-06-09T15:44:27 IST" skipped="0">
  <testcase classname="com.pk_OrangeHRM.CrossBrowser_Example" name="OrangeHRM_Login" time="8.426"/>
  <system-out/>
  <testcase classname="com.pk_OrangeHRM.CrossBrowser_Example" name="OrangeHRM_Login" time="7.621"/>
  <system-out/>
</testsuite> <!-- com.pk_OrangeHRM.CrossBrowser_Example -->
