<?xml version="1.0" encoding="UTF-8"?>
<!-- Generated by org.testng.reporters.JUnitReportReporter -->
<testsuite hostname="LPT3812" failures="0" tests="1" name="com.pk_OrangeHRM.OrangeHRM_loginTest4" time="4.442" errors="0" timestamp="2022-06-06T12:55:56 IST" skipped="0">
  <testcase classname="com.pk_OrangeHRM.OrangeHRM_loginTest4" name="testTest" time="4.442"/>
  <system-out/>
</testsuite> <!-- com.pk_OrangeHRM.OrangeHRM_loginTest4 -->
