<?xml version="1.0" encoding="UTF-8"?>
<!-- Generated by org.testng.reporters.JUnitReportReporter -->
<testsuite hostname="LPT3812" failures="0" tests="1" name="com.pk_OrangeHRM.Hdfc_NetBanking" time="3.010" errors="0" timestamp="2022-06-08T18:11:07 IST" skipped="0">
  <testcase classname="com.pk_OrangeHRM.Hdfc_NetBanking" name="Firefox_Headless" time="3.010"/>
  <system-out/>
</testsuite> <!-- com.pk_OrangeHRM.Hdfc_NetBanking -->
