<?xml version="1.0" encoding="UTF-8"?>
<!-- Generated by org.testng.reporters.JUnitReportReporter -->
<testsuite hostname="LPT3812" failures="0" tests="1" name="com.pk_OrangeHRM.TestMethodDependsOnAnotherMethod" time="36.427" errors="0" timestamp="2022-06-14T18:03:24 IST" skipped="0">
  <testcase classname="com.pk_OrangeHRM.TestMethodDependsOnAnotherMethod" name="Pagination_Example" time="36.427"/>
  <system-out/>
</testsuite> <!-- com.pk_OrangeHRM.TestMethodDependsOnAnotherMethod -->
