<?xml version="1.0" encoding="UTF-8"?>
<!-- Generated by org.testng.reporters.JUnitReportReporter -->
<testsuite hostname="LPT3812" failures="0" tests="3" name="com.pk_OrangeHRM.Delete_AllUser_WithSameName" time="24.020" errors="0" timestamp="2022-06-08T15:12:05 IST" skipped="0">
  <testcase classname="com.pk_OrangeHRM.Delete_AllUser_WithSameName" name="Employeelist" time="2.108"/>
  <system-out/>
  <testcase classname="com.pk_OrangeHRM.Delete_AllUser_WithSameName" name="Add_Employee" time="12.191"/>
  <system-out/>
  <testcase classname="com.pk_OrangeHRM.Delete_AllUser_WithSameName" name="Delete_Employees_withSameName" time="9.721"/>
  <system-out/>
</testsuite> <!-- com.pk_OrangeHRM.Delete_AllUser_WithSameName -->
