<?xml version="1.0" encoding="UTF-8"?>
<!-- Generated by org.testng.reporters.JUnitReportReporter -->
<testsuite hostname="LPT3812" failures="0" tests="1" name="com.pk_OrangeHRM.UpdateOrder" time="4.315" errors="0" timestamp="2022-06-07T13:05:12 IST" skipped="0">
  <testcase classname="com.pk_OrangeHRM.UpdateOrder" name="Sign_On" time="4.315"/>
  <system-out/>
</testsuite> <!-- com.pk_OrangeHRM.UpdateOrder -->
