<?xml version="1.0" encoding="UTF-8"?>
<!-- Generated by org.testng.reporters.JUnitReportReporter -->
<testsuite skipped="0" hostname="LPT3812" name="com.pk_OrangeHRM.OrangeHRM_Login_Parameter" tests="1" failures="0" timestamp="2022-06-15T17:39:11 IST" time="15.037" errors="0">
  <testcase name="Login" time="15.037" classname="com.pk_OrangeHRM.OrangeHRM_Login_Parameter"/>
  <system-out/>
</testsuite> <!-- com.pk_OrangeHRM.OrangeHRM_Login_Parameter -->
