<?xml version="1.0" encoding="UTF-8"?>
<!-- Generated by org.testng.reporters.JUnitReportReporter -->
<testsuite hostname="LPT3812" failures="0" tests="1" name="com.pk_OrangeHRM.ConnectDbExample" time="0.481" errors="0" timestamp="2022-06-10T15:20:00 IST" skipped="0">
  <testcase classname="com.pk_OrangeHRM.ConnectDbExample" name="ConnectSQLDB" time="0.481"/>
  <system-out/>
</testsuite> <!-- com.pk_OrangeHRM.ConnectDbExample -->
