<?xml version="1.0" encoding="UTF-8"?>
<!-- Generated by org.testng.reporters.JUnitReportReporter -->
<testsuite hostname="LPT3812" failures="0" tests="1" name="com.pk_OrangeHRM.OrangeHRM_loginTest" time="24.426" errors="0" timestamp="2022-06-03T17:18:10 IST" skipped="0">
  <testcase classname="com.pk_OrangeHRM.OrangeHRM_loginTest" name="testTest" time="24.426"/>
  <system-out/>
</testsuite> <!-- com.pk_OrangeHRM.OrangeHRM_loginTest -->
