<?xml version="1.0" encoding="UTF-8"?>
<!-- Generated by org.testng.reporters.JUnitReportReporter -->
<testsuite hostname="LPT3812" failures="0" tests="1" name="com.pk_OrangeHRM.ExplicitWait" time="8.674" errors="0" timestamp="2022-06-10T17:00:55 IST" skipped="0">
  <testcase classname="com.pk_OrangeHRM.ExplicitWait" name="Explicit_Wait" time="8.674"/>
  <system-out/>
</testsuite> <!-- com.pk_OrangeHRM.ExplicitWait -->
