<?xml version="1.0" encoding="UTF-8"?>
<!-- Generated by org.testng.reporters.JUnitReportReporter -->
<testsuite hostname="LPT3812" failures="0" tests="2" name="com.pk_OrangeHRM.SauseLabIntegrationExample" time="25.979" errors="0" timestamp="2022-06-14T15:42:23 IST" skipped="0">
  <testcase classname="com.pk_OrangeHRM.SauseLabIntegrationExample" name="SauceLab_Example" time="20.376"/>
  <system-out/>
  <testcase classname="com.pk_OrangeHRM.SauseLabIntegrationExample" name="Logout" time="5.603"/>
  <system-out/>
</testsuite> <!-- com.pk_OrangeHRM.SauseLabIntegrationExample -->
