<?xml version="1.0" encoding="UTF-8"?>
<!-- Generated by org.testng.reporters.JUnitReportReporter -->
<testsuite hostname="LPT3812" failures="0" tests="1" name="com.pk_OrangeHRM.ConnectDbExample_WebOrder_Login" time="26.162" errors="0" timestamp="2022-06-10T16:14:38 IST" skipped="0">
  <testcase classname="com.pk_OrangeHRM.ConnectDbExample_WebOrder_Login" name="ConnectSQLDB_With_LoginApp" time="26.162"/>
  <system-out/>
</testsuite> <!-- com.pk_OrangeHRM.ConnectDbExample_WebOrder_Login -->
