<?xml version="1.0" encoding="UTF-8"?>
<!-- Generated by org.testng.reporters.JUnitReportReporter -->
<testsuite hostname="LPT3812" failures="0" tests="1" name="com.pk_OrangeHRM.Authontication" time="2.978" errors="0" timestamp="2022-06-07T15:08:36 IST" skipped="0">
  <testcase classname="com.pk_OrangeHRM.Authontication" name="HTTPAuth" time="2.978"/>
  <system-out/>
</testsuite> <!-- com.pk_OrangeHRM.Authontication -->
