<?xml version="1.0" encoding="UTF-8"?>
<!-- Generated by org.testng.reporters.JUnitReportReporter -->
<testsuite hostname="LPT3812" failures="0" tests="2" name="com.pk_OrangeHRM.VerifyUrl_LandingPage" time="9.144" errors="0" timestamp="2022-06-07T15:31:47 IST" skipped="0">
  <testcase classname="com.pk_OrangeHRM.VerifyUrl_LandingPage" name="Login_001" time="5.044"/>
  <system-out/>
  <testcase classname="com.pk_OrangeHRM.VerifyUrl_LandingPage" name="Logout" time="4.100"/>
  <system-out/>
</testsuite> <!-- com.pk_OrangeHRM.VerifyUrl_LandingPage -->
