<?xml version="1.0" encoding="UTF-8"?>
<!-- Generated by org.testng.reporters.JUnitReportReporter -->
<testsuite hostname="LPT3812" failures="0" tests="1" name="com.pk_OrangeHRM.OrangeHRM_AssignLeave_WithFollowing_Example" time="13.746" errors="0" timestamp="2022-06-07T13:13:32 IST" skipped="0">
  <testcase classname="com.pk_OrangeHRM.OrangeHRM_AssignLeave_WithFollowing_Example" name="Login" time="13.746"/>
  <system-out/>
</testsuite> <!-- com.pk_OrangeHRM.OrangeHRM_AssignLeave_WithFollowing_Example -->
