<?xml version="1.0" encoding="UTF-8"?>
<!-- Generated by org.testng.reporters.JUnitReportReporter -->
<testsuite hostname="LPT3812" failures="0" tests="1" name="com.pk_OrangeHRM.NavigateSpreeComm" time="9.823" errors="0" timestamp="2022-06-07T16:14:18 IST" skipped="0">
  <testcase classname="com.pk_OrangeHRM.NavigateSpreeComm" name="ForgetPassword" time="9.823"/>
  <system-out/>
</testsuite> <!-- com.pk_OrangeHRM.NavigateSpreeComm -->
