<?xml version="1.0" encoding="UTF-8"?>
<!-- Generated by org.testng.reporters.JUnitReportReporter -->
<testsuite hostname="LPT3812" failures="0" tests="1" name="com.pk_OrangeHRM.NavigateToAllLinksWithVerification" time="69.905" errors="0" timestamp="2022-06-07T17:09:27 IST" skipped="0">
  <testcase classname="com.pk_OrangeHRM.NavigateToAllLinksWithVerification" name="NavigateToAllLinks" time="69.905"/>
  <system-out/>
</testsuite> <!-- com.pk_OrangeHRM.NavigateToAllLinksWithVerification -->
