<?xml version="1.0" encoding="UTF-8"?>
<!-- Generated by org.testng.reporters.JUnitReportReporter -->
<testsuite hostname="LPT3812" name="com.pk_OrangeHRM.OrangeHRM_Login_Parameter" tests="1" failures="0" timestamp="15 Jun 2022 12:16:10 GMT" time="13.898" errors="0">
  <testcase name="Login" time="13.898" classname="com.pk_OrangeHRM.OrangeHRM_Login_Parameter"/>
</testsuite> <!-- com.pk_OrangeHRM.OrangeHRM_Login_Parameter -->
